<?xml version="1.0" encoding="UTF-8"?>
<testsuite xmlns:xsi="http://www.w3.org/2001/XMLSchema-instance" xsi:noNamespaceSchemaLocation="https://maven.apache.org/surefire/maven-surefire-plugin/xsd/surefire-test-report-3.0.xsd" version="3.0" name="github.gaia.AppTest" time="0.015" tests="1" errors="0" skipped="0" failures="0">
  <properties>
    <property name="java.specification.version" value="17"/>
    <property name="sun.jnu.encoding" value="UTF-8"/>
    <property name="java.class.path" value="/Users/lijunyi/road/gaia/gaia-gateway/target/test-classes:/Users/lijunyi/road/gaia/gaia-gateway/target/classes:/Users/lijunyi/.m2/repository/org/springframework/boot/spring-boot-starter-web/3.2.12/spring-boot-starter-web-3.2.12.jar:/Users/lijunyi/.m2/repository/org/springframework/boot/spring-boot-starter/3.2.12/spring-boot-starter-3.2.12.jar:/Users/lijunyi/.m2/repository/org/springframework/boot/spring-boot/3.2.12/spring-boot-3.2.12.jar:/Users/lijunyi/.m2/repository/org/springframework/boot/spring-boot-autoconfigure/3.2.12/spring-boot-autoconfigure-3.2.12.jar:/Users/lijunyi/.m2/repository/org/springframework/boot/spring-boot-starter-logging/3.2.12/spring-boot-starter-logging-3.2.12.jar:/Users/lijunyi/.m2/repository/ch/qos/logback/logback-classic/1.4.14/logback-classic-1.4.14.jar:/Users/lijunyi/.m2/repository/ch/qos/logback/logback-core/1.4.14/logback-core-1.4.14.jar:/Users/lijunyi/.m2/repository/org/slf4j/slf4j-api/2.0.16/slf4j-api-2.0.16.jar:/Users/lijunyi/.m2/repository/org/apache/logging/log4j/log4j-to-slf4j/2.24.3/log4j-to-slf4j-2.24.3.jar:/Users/lijunyi/.m2/repository/org/apache/logging/log4j/log4j-api/2.24.3/log4j-api-2.24.3.jar:/Users/lijunyi/.m2/repository/org/slf4j/jul-to-slf4j/2.0.16/jul-to-slf4j-2.0.16.jar:/Users/lijunyi/.m2/repository/jakarta/annotation/jakarta.annotation-api/2.1.1/jakarta.annotation-api-2.1.1.jar:/Users/lijunyi/.m2/repository/org/springframework/spring-core/6.1.15/spring-core-6.1.15.jar:/Users/lijunyi/.m2/repository/org/springframework/spring-jcl/6.1.15/spring-jcl-6.1.15.jar:/Users/lijunyi/.m2/repository/org/yaml/snakeyaml/2.2/snakeyaml-2.2.jar:/Users/lijunyi/.m2/repository/org/springframework/boot/spring-boot-starter-json/3.2.12/spring-boot-starter-json-3.2.12.jar:/Users/lijunyi/.m2/repository/com/fasterxml/jackson/core/jackson-databind/2.18.2/jackson-databind-2.18.2.jar:/Users/lijunyi/.m2/repository/com/fasterxml/jackson/core/jackson-annotations/2.18.2/jackson-annotations-2.18.2.jar:/Users/lijunyi/.m2/repository/com/fasterxml/jackson/core/jackson-core/2.18.2/jackson-core-2.18.2.jar:/Users/lijunyi/.m2/repository/com/fasterxml/jackson/datatype/jackson-datatype-jdk8/2.18.2/jackson-datatype-jdk8-2.18.2.jar:/Users/lijunyi/.m2/repository/com/fasterxml/jackson/datatype/jackson-datatype-jsr310/2.18.2/jackson-datatype-jsr310-2.18.2.jar:/Users/lijunyi/.m2/repository/com/fasterxml/jackson/module/jackson-module-parameter-names/2.18.2/jackson-module-parameter-names-2.18.2.jar:/Users/lijunyi/.m2/repository/org/springframework/boot/spring-boot-starter-tomcat/3.2.12/spring-boot-starter-tomcat-3.2.12.jar:/Users/lijunyi/.m2/repository/org/apache/tomcat/embed/tomcat-embed-core/10.1.33/tomcat-embed-core-10.1.33.jar:/Users/lijunyi/.m2/repository/org/apache/tomcat/embed/tomcat-embed-el/10.1.33/tomcat-embed-el-10.1.33.jar:/Users/lijunyi/.m2/repository/org/apache/tomcat/embed/tomcat-embed-websocket/10.1.33/tomcat-embed-websocket-10.1.33.jar:/Users/lijunyi/.m2/repository/org/springframework/spring-web/6.1.15/spring-web-6.1.15.jar:/Users/lijunyi/.m2/repository/org/springframework/spring-beans/6.1.15/spring-beans-6.1.15.jar:/Users/lijunyi/.m2/repository/io/micrometer/micrometer-observation/1.12.13/micrometer-observation-1.12.13.jar:/Users/lijunyi/.m2/repository/io/micrometer/micrometer-commons/1.12.13/micrometer-commons-1.12.13.jar:/Users/lijunyi/.m2/repository/org/springframework/spring-webmvc/6.1.15/spring-webmvc-6.1.15.jar:/Users/lijunyi/.m2/repository/org/springframework/spring-context/6.1.15/spring-context-6.1.15.jar:/Users/lijunyi/.m2/repository/org/springframework/spring-expression/6.1.15/spring-expression-6.1.15.jar:/Users/lijunyi/.m2/repository/org/springframework/boot/spring-boot-starter-security/3.2.12/spring-boot-starter-security-3.2.12.jar:/Users/lijunyi/.m2/repository/org/springframework/spring-aop/6.1.15/spring-aop-6.1.15.jar:/Users/lijunyi/.m2/repository/org/springframework/security/spring-security-config/6.2.8/spring-security-config-6.2.8.jar:/Users/lijunyi/.m2/repository/org/springframework/security/spring-security-core/6.2.8/spring-security-core-6.2.8.jar:/Users/lijunyi/.m2/repository/org/springframework/security/spring-security-crypto/6.2.8/spring-security-crypto-6.2.8.jar:/Users/lijunyi/.m2/repository/org/springframework/security/spring-security-web/6.2.8/spring-security-web-6.2.8.jar:/Users/lijunyi/.m2/repository/junit/junit/3.8.1/junit-3.8.1.jar:"/>
    <property name="java.vm.vendor" value="Amazon.com Inc."/>
    <property name="sun.arch.data.model" value="64"/>
    <property name="java.vendor.url" value="https://aws.amazon.com/corretto/"/>
    <property name="os.name" value="Mac OS X"/>
    <property name="java.vm.specification.version" value="17"/>
    <property name="sun.java.launcher" value="SUN_STANDARD"/>
    <property name="user.country" value="CN"/>
    <property name="sun.boot.library.path" value="/Users/lijunyi/Library/Java/JavaVirtualMachines/corretto-17.0.12/Contents/Home/lib"/>
    <property name="sun.java.command" value="/Users/lijunyi/road/gaia/gaia-gateway/target/surefire/surefirebooter-20250604163125653_3.jar /Users/lijunyi/road/gaia/gaia-gateway/target/surefire 2025-06-04T16-31-25_582-jvmRun1 surefire-20250604163125653_1tmp surefire_0-20250604163125653_2tmp"/>
    <property name="http.nonProxyHosts" value="127.0.0.1|192.168.0.0/16|*.192.168.0.0/16|10.0.0.0/8|*.10.0.0.0/8|172.16.0.0/12|*.172.16.0.0/12|localhost|*.localhost|local|*.local|crashlytics.com|*.crashlytics.com|&lt;local&gt;|*.&lt;local&gt;"/>
    <property name="jdk.debug" value="release"/>
    <property name="surefire.test.class.path" value="/Users/lijunyi/road/gaia/gaia-gateway/target/test-classes:/Users/lijunyi/road/gaia/gaia-gateway/target/classes:/Users/lijunyi/.m2/repository/org/springframework/boot/spring-boot-starter-web/3.2.12/spring-boot-starter-web-3.2.12.jar:/Users/lijunyi/.m2/repository/org/springframework/boot/spring-boot-starter/3.2.12/spring-boot-starter-3.2.12.jar:/Users/lijunyi/.m2/repository/org/springframework/boot/spring-boot/3.2.12/spring-boot-3.2.12.jar:/Users/lijunyi/.m2/repository/org/springframework/boot/spring-boot-autoconfigure/3.2.12/spring-boot-autoconfigure-3.2.12.jar:/Users/lijunyi/.m2/repository/org/springframework/boot/spring-boot-starter-logging/3.2.12/spring-boot-starter-logging-3.2.12.jar:/Users/lijunyi/.m2/repository/ch/qos/logback/logback-classic/1.4.14/logback-classic-1.4.14.jar:/Users/lijunyi/.m2/repository/ch/qos/logback/logback-core/1.4.14/logback-core-1.4.14.jar:/Users/lijunyi/.m2/repository/org/slf4j/slf4j-api/2.0.16/slf4j-api-2.0.16.jar:/Users/lijunyi/.m2/repository/org/apache/logging/log4j/log4j-to-slf4j/2.24.3/log4j-to-slf4j-2.24.3.jar:/Users/lijunyi/.m2/repository/org/apache/logging/log4j/log4j-api/2.24.3/log4j-api-2.24.3.jar:/Users/lijunyi/.m2/repository/org/slf4j/jul-to-slf4j/2.0.16/jul-to-slf4j-2.0.16.jar:/Users/lijunyi/.m2/repository/jakarta/annotation/jakarta.annotation-api/2.1.1/jakarta.annotation-api-2.1.1.jar:/Users/lijunyi/.m2/repository/org/springframework/spring-core/6.1.15/spring-core-6.1.15.jar:/Users/lijunyi/.m2/repository/org/springframework/spring-jcl/6.1.15/spring-jcl-6.1.15.jar:/Users/lijunyi/.m2/repository/org/yaml/snakeyaml/2.2/snakeyaml-2.2.jar:/Users/lijunyi/.m2/repository/org/springframework/boot/spring-boot-starter-json/3.2.12/spring-boot-starter-json-3.2.12.jar:/Users/lijunyi/.m2/repository/com/fasterxml/jackson/core/jackson-databind/2.18.2/jackson-databind-2.18.2.jar:/Users/lijunyi/.m2/repository/com/fasterxml/jackson/core/jackson-annotations/2.18.2/jackson-annotations-2.18.2.jar:/Users/lijunyi/.m2/repository/com/fasterxml/jackson/core/jackson-core/2.18.2/jackson-core-2.18.2.jar:/Users/lijunyi/.m2/repository/com/fasterxml/jackson/datatype/jackson-datatype-jdk8/2.18.2/jackson-datatype-jdk8-2.18.2.jar:/Users/lijunyi/.m2/repository/com/fasterxml/jackson/datatype/jackson-datatype-jsr310/2.18.2/jackson-datatype-jsr310-2.18.2.jar:/Users/lijunyi/.m2/repository/com/fasterxml/jackson/module/jackson-module-parameter-names/2.18.2/jackson-module-parameter-names-2.18.2.jar:/Users/lijunyi/.m2/repository/org/springframework/boot/spring-boot-starter-tomcat/3.2.12/spring-boot-starter-tomcat-3.2.12.jar:/Users/lijunyi/.m2/repository/org/apache/tomcat/embed/tomcat-embed-core/10.1.33/tomcat-embed-core-10.1.33.jar:/Users/lijunyi/.m2/repository/org/apache/tomcat/embed/tomcat-embed-el/10.1.33/tomcat-embed-el-10.1.33.jar:/Users/lijunyi/.m2/repository/org/apache/tomcat/embed/tomcat-embed-websocket/10.1.33/tomcat-embed-websocket-10.1.33.jar:/Users/lijunyi/.m2/repository/org/springframework/spring-web/6.1.15/spring-web-6.1.15.jar:/Users/lijunyi/.m2/repository/org/springframework/spring-beans/6.1.15/spring-beans-6.1.15.jar:/Users/lijunyi/.m2/repository/io/micrometer/micrometer-observation/1.12.13/micrometer-observation-1.12.13.jar:/Users/lijunyi/.m2/repository/io/micrometer/micrometer-commons/1.12.13/micrometer-commons-1.12.13.jar:/Users/lijunyi/.m2/repository/org/springframework/spring-webmvc/6.1.15/spring-webmvc-6.1.15.jar:/Users/lijunyi/.m2/repository/org/springframework/spring-context/6.1.15/spring-context-6.1.15.jar:/Users/lijunyi/.m2/repository/org/springframework/spring-expression/6.1.15/spring-expression-6.1.15.jar:/Users/lijunyi/.m2/repository/org/springframework/boot/spring-boot-starter-security/3.2.12/spring-boot-starter-security-3.2.12.jar:/Users/lijunyi/.m2/repository/org/springframework/spring-aop/6.1.15/spring-aop-6.1.15.jar:/Users/lijunyi/.m2/repository/org/springframework/security/spring-security-config/6.2.8/spring-security-config-6.2.8.jar:/Users/lijunyi/.m2/repository/org/springframework/security/spring-security-core/6.2.8/spring-security-core-6.2.8.jar:/Users/lijunyi/.m2/repository/org/springframework/security/spring-security-crypto/6.2.8/spring-security-crypto-6.2.8.jar:/Users/lijunyi/.m2/repository/org/springframework/security/spring-security-web/6.2.8/spring-security-web-6.2.8.jar:/Users/lijunyi/.m2/repository/junit/junit/3.8.1/junit-3.8.1.jar:"/>
    <property name="sun.cpu.endian" value="little"/>
    <property name="user.home" value="/Users/lijunyi"/>
    <property name="user.language" value="zh"/>
    <property name="java.specification.vendor" value="Oracle Corporation"/>
    <property name="java.version.date" value="2024-07-16"/>
    <property name="java.home" value="/Users/lijunyi/Library/Java/JavaVirtualMachines/corretto-17.0.12/Contents/Home"/>
    <property name="file.separator" value="/"/>
    <property name="basedir" value="/Users/lijunyi/road/gaia/gaia-gateway"/>
    <property name="java.vm.compressedOopsMode" value="Zero based"/>
    <property name="line.separator" value="&#10;"/>
    <property name="java.vm.specification.vendor" value="Oracle Corporation"/>
    <property name="java.specification.name" value="Java Platform API Specification"/>
    <property name="surefire.real.class.path" value="/Users/lijunyi/road/gaia/gaia-gateway/target/surefire/surefirebooter-20250604163125653_3.jar"/>
    <property name="user.script" value="Hans"/>
    <property name="sun.management.compiler" value="HotSpot 64-Bit Tiered Compilers"/>
    <property name="ftp.nonProxyHosts" value="127.0.0.1|192.168.0.0/16|*.192.168.0.0/16|10.0.0.0/8|*.10.0.0.0/8|172.16.0.0/12|*.172.16.0.0/12|localhost|*.localhost|local|*.local|crashlytics.com|*.crashlytics.com|&lt;local&gt;|*.&lt;local&gt;"/>
    <property name="java.runtime.version" value="17.0.12+7-LTS"/>
    <property name="user.name" value="lijunyi"/>
    <property name="path.separator" value=":"/>
    <property name="os.version" value="12.7.5"/>
    <property name="java.runtime.name" value="OpenJDK Runtime Environment"/>
    <property name="file.encoding" value="UTF-8"/>
    <property name="java.vm.name" value="OpenJDK 64-Bit Server VM"/>
    <property name="java.vendor.version" value="Corretto-17.0.12.7.1"/>
    <property name="localRepository" value="/Users/lijunyi/.m2/repository"/>
    <property name="java.vendor.url.bug" value="https://github.com/corretto/corretto-17/issues/"/>
    <property name="java.io.tmpdir" value="/var/folders/y2/zl1v3z8n02s_vb49273qd5480000gp/T/"/>
    <property name="java.version" value="17.0.12"/>
    <property name="user.dir" value="/Users/lijunyi/road/gaia/gaia-gateway"/>
    <property name="os.arch" value="x86_64"/>
    <property name="java.vm.specification.name" value="Java Virtual Machine Specification"/>
    <property name="native.encoding" value="UTF-8"/>
    <property name="java.library.path" value="/Users/lijunyi/Library/Java/Extensions:/Library/Java/Extensions:/Network/Library/Java/Extensions:/System/Library/Java/Extensions:/usr/lib/java:."/>
    <property name="java.vm.info" value="mixed mode, sharing"/>
    <property name="java.vendor" value="Amazon.com Inc."/>
    <property name="java.vm.version" value="17.0.12+7-LTS"/>
    <property name="sun.io.unicode.encoding" value="UnicodeBig"/>
    <property name="socksNonProxyHosts" value="127.0.0.1|192.168.0.0/16|*.192.168.0.0/16|10.0.0.0/8|*.10.0.0.0/8|172.16.0.0/12|*.172.16.0.0/12|localhost|*.localhost|local|*.local|crashlytics.com|*.crashlytics.com|&lt;local&gt;|*.&lt;local&gt;"/>
    <property name="java.class.version" value="61.0"/>
  </properties>
  <testcase name="testApp" classname="github.gaia.AppTest" time="0.0"/>
</testsuite>